2019-12-27 11:21:05 [main] INFO  com.finest.app.ServerApplication - Starting ServerApplication on admin-PC with PID 36964 (D:\project_test\trans-message\target\classes started by admin in D:\project_test\trans-message)
2019-12-27 11:21:05 [main] INFO  com.finest.app.ServerApplication - The following profiles are active: params
2019-12-27 11:21:05 [main] INFO  o.s.b.w.s.c.AnnotationConfigServletWebServerApplicationContext - Refreshing org.springframework.boot.web.servlet.context.AnnotationConfigServletWebServerApplicationContext@66fdec9: startup date [Fri Dec 27 11:21:05 CST 2019]; root of context hierarchy
2019-12-27 11:21:08 [main] INFO  o.s.boot.web.embedded.tomcat.TomcatWebServer - Tomcat initialized with port(s): 9090 (http)
2019-12-27 11:21:08 [main] INFO  org.apache.coyote.http11.Http11NioProtocol - Initializing ProtocolHandler ["http-nio-9090"]
2019-12-27 11:21:08 [main] INFO  org.apache.catalina.core.StandardService - Starting service [Tomcat]
2019-12-27 11:21:08 [main] INFO  org.apache.catalina.core.StandardEngine - Starting Servlet Engine: Apache Tomcat/8.5.29
2019-12-27 11:21:08 [localhost-startStop-1] INFO  org.apache.catalina.core.AprLifecycleListener - The APR based Apache Tomcat Native library which allows optimal performance in production environments was not found on the java.library.path: [E:\xiaoguizhou\code\jdk1.8\bin;C:\WINDOWS\Sun\Java\bin;C:\WINDOWS\system32;C:\WINDOWS;E:\xiaowei\app\oracle\product\12.1.0\dbhome_1\bin;E:\xiaoguizhou\code\jdk1.8\bin;E:\xiaoguizhou\code\jdk1.8\jre\bin;C:\Program Files (x86)\ScanSign;C:\Windows\system32;C:\Windows;C:\Windows\System32\Wbem;C:\Windows\System32\WindowsPowerShell\v1.0\;d:\Program Files (x86)\Windows7Master;E:\ARCGIS\ArcSDE\ora11gexe\bin;C:\WINDOWS\system32;C:\WINDOWS;C:\WINDOWS\System32\Wbem;C:\WINDOWS\System32\WindowsPowerShell\v1.0\;C:\Program Files (x86)\NVIDIA Corporation\PhysX\Common;E:\app\Administrator\product\11.2.0\dbhome_1\bin;D:\app\Administrator\product\11.2.0\client_1\bin;C:\WINDOWS\system32;C:\WINDOWS;C:\WINDOWS\System32\Wbem;C:\WINDOWS\System32\WindowsPowerShell\v1.0\;C:\WINDOWS\System32\OpenSSH\;C:\Program Files\TortoiseSVN\bin;E:\xiaowei\software\apache-maven-3.5.3\bin;E:\xiaowei\wsdl\axis2-1.7.9\bin;C:\Users\admin\AppData\Local\Microsoft\WindowsApps;C:\Program Files (x86)\ZXSOFT_SSL_VPN\bin;C:\Users\admin\AppData\Local\BypassRuntm;E:\xiaowei\VPN\ZXSOFT_SSL_VPN\bin;C:\Users\admin\AppData\Local\Microsoft\WindowsApps;;.]
2019-12-27 11:21:08 [localhost-startStop-1] INFO  o.a.c.core.ContainerBase.[Tomcat].[localhost].[/] - Initializing Spring embedded WebApplicationContext
2019-12-27 11:21:08 [localhost-startStop-1] INFO  org.springframework.web.context.ContextLoader - Root WebApplicationContext: initialization completed in 3240 ms
2019-12-27 11:21:08 [localhost-startStop-1] INFO  o.s.boot.web.servlet.ServletRegistrationBean - Servlet dispatcherServlet mapped to [/]
2019-12-27 11:21:08 [localhost-startStop-1] INFO  o.s.boot.web.servlet.FilterRegistrationBean - Mapping filter: 'characterEncodingFilter' to: [/*]
2019-12-27 11:21:08 [localhost-startStop-1] INFO  o.s.boot.web.servlet.FilterRegistrationBean - Mapping filter: 'hiddenHttpMethodFilter' to: [/*]
2019-12-27 11:21:08 [localhost-startStop-1] INFO  o.s.boot.web.servlet.FilterRegistrationBean - Mapping filter: 'httpPutFormContentFilter' to: [/*]
2019-12-27 11:21:08 [localhost-startStop-1] INFO  o.s.boot.web.servlet.FilterRegistrationBean - Mapping filter: 'requestContextFilter' to: [/*]
2019-12-27 11:21:10 [main] INFO  o.s.web.servlet.handler.SimpleUrlHandlerMapping - Mapped URL path [/**/favicon.ico] onto handler of type [class org.springframework.web.servlet.resource.ResourceHttpRequestHandler]
2019-12-27 11:21:10 [main] INFO  o.s.w.s.m.m.a.RequestMappingHandlerAdapter - Looking for @ControllerAdvice: org.springframework.boot.web.servlet.context.AnnotationConfigServletWebServerApplicationContext@66fdec9: startup date [Fri Dec 27 11:21:05 CST 2019]; root of context hierarchy
2019-12-27 11:21:10 [main] INFO  o.s.w.s.m.m.a.RequestMappingHandlerMapping - Mapped "{[/base-interface/app/*.do]}" onto public java.lang.String com.finest.app.controller.base_interface.app.AppController.login(javax.servlet.http.HttpServletRequest) throws java.io.IOException
2019-12-27 11:21:10 [main] INFO  o.s.w.s.m.m.a.RequestMappingHandlerMapping - Mapped "{[/base-interface/*.do]}" onto public java.lang.String com.finest.app.controller.base_interface.base.AppLoginController.login(javax.servlet.http.HttpServletRequest) throws java.io.IOException
2019-12-27 11:21:10 [main] INFO  o.s.w.s.m.m.a.RequestMappingHandlerMapping - Mapped "{[/base-interface/terminal/*.do]}" onto public java.lang.String com.finest.app.controller.base_interface.terminal.QueryController.login(javax.servlet.http.HttpServletRequest) throws java.io.IOException
2019-12-27 11:21:10 [main] INFO  o.s.w.s.m.m.a.RequestMappingHandlerMapping - Mapped "{[/cd-interface/inhome/*.do]}" onto public java.lang.String com.finest.app.controller.cd_interface.inhome.WarningSentController.login(javax.servlet.http.HttpServletRequest) throws java.io.IOException
2019-12-27 11:21:10 [main] INFO  o.s.w.s.m.m.a.RequestMappingHandlerMapping - Mapped "{[/cd-interface/terminal/*.do]}" onto public java.lang.String com.finest.app.controller.cd_interface.terminal.DispacherController.login(javax.servlet.http.HttpServletRequest) throws java.io.IOException
2019-12-27 11:21:10 [main] INFO  o.s.w.s.m.m.a.RequestMappingHandlerMapping - Mapped "{[/resources-interface/terminal/*.do]}" onto public java.lang.String com.finest.app.controller.resources_interface.terminal.ResourceController.login(javax.servlet.http.HttpServletRequest) throws java.io.IOException
2019-12-27 11:21:10 [main] INFO  o.s.w.s.m.m.a.RequestMappingHandlerMapping - Mapped "{[/wisdom-interface/remind/*.do]}" onto public java.lang.String com.finest.app.controller.wisdom_interface.remind.RemindController.login(javax.servlet.http.HttpServletRequest) throws java.io.IOException
2019-12-27 11:21:10 [main] INFO  o.s.w.s.m.m.a.RequestMappingHandlerMapping - Mapped "{[/wisdom-interface/terminal/*.do]}" onto public java.lang.String com.finest.app.controller.wisdom_interface.terminal.WisdomController.login(javax.servlet.http.HttpServletRequest) throws java.io.IOException
2019-12-27 11:21:10 [main] INFO  o.s.w.s.m.m.a.RequestMappingHandlerMapping - Mapped "{[/error]}" onto public org.springframework.http.ResponseEntity<java.util.Map<java.lang.String, java.lang.Object>> org.springframework.boot.autoconfigure.web.servlet.error.BasicErrorController.error(javax.servlet.http.HttpServletRequest)
2019-12-27 11:21:10 [main] INFO  o.s.w.s.m.m.a.RequestMappingHandlerMapping - Mapped "{[/error],produces=[text/html]}" onto public org.springframework.web.servlet.ModelAndView org.springframework.boot.autoconfigure.web.servlet.error.BasicErrorController.errorHtml(javax.servlet.http.HttpServletRequest,javax.servlet.http.HttpServletResponse)
2019-12-27 11:21:10 [main] INFO  o.s.web.servlet.handler.SimpleUrlHandlerMapping - Mapped URL path [/webjars/**] onto handler of type [class org.springframework.web.servlet.resource.ResourceHttpRequestHandler]
2019-12-27 11:21:10 [main] INFO  o.s.web.servlet.handler.SimpleUrlHandlerMapping - Mapped URL path [/**] onto handler of type [class org.springframework.web.servlet.resource.ResourceHttpRequestHandler]
2019-12-27 11:21:11 [main] INFO  o.s.jmx.export.annotation.AnnotationMBeanExporter - Registering beans for JMX exposure on startup
2019-12-27 11:21:11 [main] INFO  org.apache.coyote.http11.Http11NioProtocol - Starting ProtocolHandler ["http-nio-9090"]
2019-12-27 11:21:11 [main] INFO  org.apache.tomcat.util.net.NioSelectorPool - Using a shared selector for servlet write/read
2019-12-27 11:21:11 [main] INFO  o.s.boot.web.embedded.tomcat.TomcatWebServer - Tomcat started on port(s): 9090 (http) with context path ''
2019-12-27 11:21:11 [main] INFO  com.finest.app.ServerApplication - Started ServerApplication in 6.622 seconds (JVM running for 7.217)
